d:\project\cv_hw_qt\cv_hw_qt\release\stitch.obj
d:\project\cv_hw_qt\cv_hw_qt\release\paint.obj
d:\project\cv_hw_qt\cv_hw_qt\release\mainwindow.obj
d:\project\cv_hw_qt\cv_hw_qt\release\main.obj
d:\project\cv_hw_qt\cv_hw_qt\release\moc_paint.obj
d:\project\cv_hw_qt\cv_hw_qt\release\moc_mainwindow.obj
d:\project\cv_hw_qt\cv_hw_qt\release\filereading.obj
d:\project\cv_hw_qt\cv_hw_qt\release\qrc_mainwindow.obj
d:\project\cv_hw_qt\cv_hw_qt\generatedfiles\release\moc_mainwindow.cpp
d:\project\cv_hw_qt\cv_hw_qt\generatedfiles\ui_mainwindow.h
d:\project\cv_hw_qt\cv_hw_qt\generatedfiles\release\moc_paint.cpp
d:\project\cv_hw_qt\cv_hw_qt\generatedfiles\qrc_mainwindow.cpp
d:\project\cv_hw_qt\win32\release\cv_hw_qt.exe
d:\project\cv_hw_qt\cv_hw_qt\release\cv_hw_qt.tlog\cl.command.1.tlog
d:\project\cv_hw_qt\cv_hw_qt\release\cv_hw_qt.tlog\cl.read.1.tlog
d:\project\cv_hw_qt\cv_hw_qt\release\cv_hw_qt.tlog\cl.write.1.tlog
d:\project\cv_hw_qt\cv_hw_qt\release\cv_hw_qt.tlog\custombuild.command.1.tlog
d:\project\cv_hw_qt\cv_hw_qt\release\cv_hw_qt.tlog\custombuild.read.1.tlog
d:\project\cv_hw_qt\cv_hw_qt\release\cv_hw_qt.tlog\custombuild.write.1.tlog
d:\project\cv_hw_qt\cv_hw_qt\release\cv_hw_qt.tlog\link.command.1.tlog
d:\project\cv_hw_qt\cv_hw_qt\release\cv_hw_qt.tlog\link.read.1.tlog
d:\project\cv_hw_qt\cv_hw_qt\release\cv_hw_qt.tlog\link.write.1.tlog
